<?xml version="1.0" encoding="UTF-8"?>
<!-- Generated by org.testng.reporters.JUnitReportReporter -->
<testsuite hostname="DESKTOP-HEN4EFC" name="testPackage.NewTestSFK" tests="5" failures="0" timestamp="19 Jun 2020 20:22:04 GMT" time="27.322" errors="0">
  <testcase name="testClickNewAccountButton" time="5.209" classname="testPackage.NewTestSFK"/>
  <testcase name="testCreateAccount" time="5.623" classname="testPackage.NewTestSFK"/>
  <testcase name="testStandardUser" time="4.126" classname="testPackage.NewTestSFK"/>
  <testcase name="testCreateAccount" time="7.268" classname="testPackage.NewTestSFK"/>
  <testcase name="testCreateAccount" time="5.096" classname="testPackage.NewTestSFK"/>
</testsuite> <!-- testPackage.NewTestSFK -->
